{
  "RSpec": {
    "coverage": {
      "/Users/yohann/Documents/personnal_projects/zombies-spec/spec/zombie_spec.rb": {
        "lines": [
          1,
          null,
          1,
          1,
          4,
          null,
          null,
          5,
          null,
          1,
          null,
          1,
          2,
          1,
          null,
          null,
          1,
          2,
          1,
          null,
          null,
          1,
          1,
          null,
          null,
          1,
          1,
          null,
          null,
          null
        ]
      },
      "/Users/yohann/Documents/personnal_projects/zombies-spec/lib/zombie.rb": {
        "lines": [
          1,
          1,
          1,
          4,
          4,
          null,
          null,
          1,
          0,
          null,
          null,
          1,
          0,
          null,
          null
        ]
      }
    },
    "timestamp": 1620083815
  }
}
